0 info it worked if it ends with ok
1 verbose cli [ 'C:\\Program Files (x86)\\nodejs\\node.exe',
1 verbose cli   'C:\\Users\\IBM_ADMIN\\AppData\\Roaming\\npm\\node_modules\\npm\\bin\\npm-cli.js',
1 verbose cli   'version',
1 verbose cli   'minor' ]
2 info using npm@4.0.3
3 info using node@v6.9.2
4 info git [ 'status', '--porcelain' ]
5 verbose stack Error: Git working directory not clean.
5 verbose stack M README.md
5 verbose stack M example/examples.js
5 verbose stack M test/api.js
5 verbose stack M websphere-on-bluemix.js
5 verbose stack     at C:\Users\IBM_ADMIN\AppData\Roaming\npm\node_modules\npm\lib\version.js:247:19
5 verbose stack     at C:\Users\IBM_ADMIN\AppData\Roaming\npm\node_modules\npm\lib\utils\no-progress-while-running.js:21:8
5 verbose stack     at ChildProcess.exithandler (child_process.js:197:7)
5 verbose stack     at emitTwo (events.js:106:13)
5 verbose stack     at ChildProcess.emit (events.js:191:7)
5 verbose stack     at maybeClose (internal/child_process.js:877:16)
5 verbose stack     at Socket.<anonymous> (internal/child_process.js:334:11)
5 verbose stack     at emitOne (events.js:96:13)
5 verbose stack     at Socket.emit (events.js:188:7)
5 verbose stack     at Pipe._handle.close [as _onclose] (net.js:498:12)
6 verbose cwd C:\Users\IBM_ADMIN\Desktop\websphere-on-bluemix
7 error Windows_NT 6.1.7601
8 error argv "C:\\Program Files (x86)\\nodejs\\node.exe" "C:\\Users\\IBM_ADMIN\\AppData\\Roaming\\npm\\node_modules\\npm\\bin\\npm-cli.js" "version" "minor"
9 error node v6.9.2
10 error npm  v4.0.3
11 error Git working directory not clean.
11 error M README.md
11 error M example/examples.js
11 error M test/api.js
11 error M websphere-on-bluemix.js
12 error If you need help, you may report this error at:
12 error     <https://github.com/npm/npm/issues>
13 verbose exit [ 1, true ]
